I, [2015-08-08T23:15:27.035798 #15461]  INFO -- : Refreshing Gem list
I, [2015-08-08T23:15:28.113768 #15461]  INFO -- : listening on addr=/home/ubuntu/farmr/shared/sockets/unicorn.sock fd=12
I, [2015-08-08T23:15:28.113866 #15461]  INFO -- : worker=0 spawning...
I, [2015-08-08T23:15:28.114998 #15461]  INFO -- : worker=1 spawning...
I, [2015-08-08T23:15:28.115667 #15461]  INFO -- : master process ready
I, [2015-08-08T23:15:28.122556 #15464]  INFO -- : worker=0 spawned pid=15464
I, [2015-08-08T23:15:28.124465 #15464]  INFO -- : worker=0 ready
I, [2015-08-08T23:15:28.125034 #15466]  INFO -- : worker=1 spawned pid=15466
I, [2015-08-08T23:15:28.129566 #15466]  INFO -- : worker=1 ready
I, [2015-08-08T23:15:30.287389 #15475]  INFO -- : executing ["/home/ubuntu/.rbenv/versions/2.2.2/bin/unicorn", "-c", "config/unicorn.rb", "-E", "production", "-D", {12=>#<Kgio::UNIXServer:/home/ubuntu/farmr/shared/sockets/unicorn.sock>}] (in /home/ubuntu/farmr)
I, [2015-08-08T23:15:30.287522 #15475]  INFO -- : forked child re-executing...
I, [2015-08-08T23:15:30.528356 #15475]  INFO -- : inherited addr=/home/ubuntu/farmr/shared/sockets/unicorn.sock fd=12
I, [2015-08-08T23:15:30.528590 #15475]  INFO -- : Refreshing Gem list
I, [2015-08-08T23:15:31.629295 #15475]  INFO -- : worker=0 spawning...
I, [2015-08-08T23:15:31.633811 #15475]  INFO -- : worker=1 spawning...
I, [2015-08-08T23:15:31.634591 #15475]  INFO -- : master process ready
I, [2015-08-08T23:15:31.635265 #15479]  INFO -- : worker=0 spawned pid=15479
I, [2015-08-08T23:15:31.637132 #15479]  INFO -- : worker=0 ready
I, [2015-08-08T23:15:31.637717 #15481]  INFO -- : worker=1 spawned pid=15481
I, [2015-08-08T23:15:31.641178 #15481]  INFO -- : worker=1 ready
